The target system is: Generic -  - 
The host system is: Linux - 5.10.16.3-microsoft-standard-WSL2 - x86_64
Compiling the CXX compiler identification source file "CMakeCXXCompilerId.cpp" succeeded.
Compiler: /usr/bin/arm-none-eabi-g++ 
Build flags: 
Id flags: -c 

The output was:
0


Compilation of the CXX compiler identification source "CMakeCXXCompilerId.cpp" produced "CMakeCXXCompilerId.o"

The CXX compiler identification is GNU, found in "/mnt/c/Folders/School/rivetgun-master/FW/cmake-build-debug/CMakeFiles/3.21.3/CompilerIdCXX/CMakeCXXCompilerId.o"

Compiling the C compiler identification source file "CMakeCCompilerId.c" succeeded.
Compiler: /usr/bin/arm-none-eabi-gcc 
Build flags: 
Id flags: -c 

The output was:
0


Compilation of the C compiler identification source "CMakeCCompilerId.c" produced "CMakeCCompilerId.o"

The C compiler identification is GNU, found in "/mnt/c/Folders/School/rivetgun-master/FW/cmake-build-debug/CMakeFiles/3.21.3/CompilerIdC/CMakeCCompilerId.o"

Detecting CXX compiler ABI info compiled with the following output:
Change Dir: /mnt/c/Folders/School/rivetgun-master/FW/cmake-build-debug/CMakeFiles/CMakeTmp

Run Build Command(s):/usr/bin/gmake -f Makefile cmTC_750c9/fast && /usr/bin/gmake  -f CMakeFiles/cmTC_750c9.dir/build.make CMakeFiles/cmTC_750c9.dir/build
gmake[1]: Entering directory '/mnt/c/Folders/School/rivetgun-master/FW/cmake-build-debug/CMakeFiles/CMakeTmp'
Building CXX object CMakeFiles/cmTC_750c9.dir/CMakeCXXCompilerABI.cpp.obj
/usr/bin/arm-none-eabi-g++   -v -o CMakeFiles/cmTC_750c9.dir/CMakeCXXCompilerABI.cpp.obj -c /root/cmake-3.21.3-linux-x86_64/share/cmake-3.21/Modules/CMakeCXXCompilerABI.cpp
Using built-in specs.
COLLECT_GCC=/usr/bin/arm-none-eabi-g++
Target: arm-none-eabi
Configured with: ../gcc-10.2.0/configure --prefix=/usr --mandir=/usr/share/man --with-pkgversion='Fedora 10.2.0-4.fc34' --with-bugurl=https://bugzilla.redhat.com/ --infodir=/usr/share/info --target=arm-none-eabi --enable-interwork --enable-multilib --with-python-dir=share/arm-none-eabi/gcc-10.2.0/python --with-multilib-list=rmprofile --enable-plugins --disable-decimal-float --disable-libffi --disable-libgomp --disable-libmudflap --disable-libquadmath --disable-libssp --disable-libstdcxx-pch --disable-nls --disable-shared --disable-threads --disable-tls --enable-languages=c,c++ --with-newlib --disable-nls --disable-shared --disable-threads --with-gnu-as --with-gnu-ld --with-gmp --with-mpfr --with-mpc --with-headers=yes --with-system-zlib --with-sysroot=/usr/arm-none-eabi
Thread model: single
Supported LTO compression algorithms: zlib
gcc version 10.2.0 (Fedora 10.2.0-4.fc34) 
COLLECT_GCC_OPTIONS='-v' '-o' 'CMakeFiles/cmTC_750c9.dir/CMakeCXXCompilerABI.cpp.obj' '-c' '-mcpu=arm7tdmi' '-mfloat-abi=soft' '-marm' '-march=armv4t'
 /usr/libexec/gcc/arm-none-eabi/10.2.0/cc1plus -quiet -v -D__USES_INITFINI__ /root/cmake-3.21.3-linux-x86_64/share/cmake-3.21/Modules/CMakeCXXCompilerABI.cpp -quiet -dumpbase CMakeCXXCompilerABI.cpp -mcpu=arm7tdmi -mfloat-abi=soft -marm -march=armv4t -auxbase-strip CMakeFiles/cmTC_750c9.dir/CMakeCXXCompilerABI.cpp.obj -version -o /tmp/ccom95Wg.s
GNU C++14 (Fedora 10.2.0-4.fc34) version 10.2.0 (arm-none-eabi)
	compiled by GNU C version 11.0.0 20210210 (Red Hat 11.0.0-0), GMP version 6.2.0, MPFR version 4.1.0-p7, MPC version 1.2.1, isl version none
warning: MPFR header version 4.1.0-p7 differs from library version 4.1.0-p13.
GGC heuristics: --param ggc-min-expand=100 --param ggc-min-heapsize=131072
ignoring nonexistent directory "/usr/arm-none-eabi/usr/local/include"
ignoring nonexistent directory "/usr/arm-none-eabi/usr/include"
#include "..." search starts here:
#include <...> search starts here:
 /usr/lib/gcc/arm-none-eabi/10.2.0/../../../../arm-none-eabi/include/c++/10.2.0
 /usr/lib/gcc/arm-none-eabi/10.2.0/../../../../arm-none-eabi/include/c++/10.2.0/arm-none-eabi
 /usr/lib/gcc/arm-none-eabi/10.2.0/../../../../arm-none-eabi/include/c++/10.2.0/backward
 /usr/lib/gcc/arm-none-eabi/10.2.0/include
 /usr/lib/gcc/arm-none-eabi/10.2.0/include-fixed
 /usr/lib/gcc/arm-none-eabi/10.2.0/../../../../arm-none-eabi/include
End of search list.
GNU C++14 (Fedora 10.2.0-4.fc34) version 10.2.0 (arm-none-eabi)
	compiled by GNU C version 11.0.0 20210210 (Red Hat 11.0.0-0), GMP version 6.2.0, MPFR version 4.1.0-p7, MPC version 1.2.1, isl version none
warning: MPFR header version 4.1.0-p7 differs from library version 4.1.0-p13.
GGC heuristics: --param ggc-min-expand=100 --param ggc-min-heapsize=131072
Compiler executable checksum: 8781974844b99abdc40079115ffe4d59
COLLECT_GCC_OPTIONS='-v' '-o' 'CMakeFiles/cmTC_750c9.dir/CMakeCXXCompilerABI.cpp.obj' '-c' '-mcpu=arm7tdmi' '-mfloat-abi=soft' '-marm' '-march=armv4t'
 /usr/lib/gcc/arm-none-eabi/10.2.0/../../../../arm-none-eabi/bin/as -v -march=armv4t -mfloat-abi=soft -meabi=5 -o CMakeFiles/cmTC_750c9.dir/CMakeCXXCompilerABI.cpp.obj /tmp/ccom95Wg.s
GNU assembler version 2.35 (arm-none-eabi) using BFD version (Fedora 2.35-2.fc34) 2.35
COMPILER_PATH=/usr/libexec/gcc/arm-none-eabi/10.2.0/:/usr/libexec/gcc/arm-none-eabi/10.2.0/:/usr/libexec/gcc/arm-none-eabi/:/usr/lib/gcc/arm-none-eabi/10.2.0/:/usr/lib/gcc/arm-none-eabi/:/usr/lib/gcc/arm-none-eabi/10.2.0/../../../../arm-none-eabi/bin/
LIBRARY_PATH=/usr/lib/gcc/arm-none-eabi/10.2.0/:/usr/lib/gcc/arm-none-eabi/10.2.0/../../../../arm-none-eabi/lib/:/usr/arm-none-eabi/lib/
COLLECT_GCC_OPTIONS='-v' '-o' 'CMakeFiles/cmTC_750c9.dir/CMakeCXXCompilerABI.cpp.obj' '-c' '-mcpu=arm7tdmi' '-mfloat-abi=soft' '-marm' '-march=armv4t'
Linking CXX static library libcmTC_750c9.a
/root/cmake-3.21.3-linux-x86_64/bin/cmake -P CMakeFiles/cmTC_750c9.dir/cmake_clean_target.cmake
/root/cmake-3.21.3-linux-x86_64/bin/cmake -E cmake_link_script CMakeFiles/cmTC_750c9.dir/link.txt --verbose=1
/usr/bin/arm-none-eabi-ar qc libcmTC_750c9.a CMakeFiles/cmTC_750c9.dir/CMakeCXXCompilerABI.cpp.obj
/usr/bin/arm-none-eabi-ranlib libcmTC_750c9.a
gmake[1]: Leaving directory '/mnt/c/Folders/School/rivetgun-master/FW/cmake-build-debug/CMakeFiles/CMakeTmp'



Parsed CXX implicit include dir info from above output: rv=done
  found start of include info
  found start of implicit include info
    add: [/usr/lib/gcc/arm-none-eabi/10.2.0/../../../../arm-none-eabi/include/c++/10.2.0]
    add: [/usr/lib/gcc/arm-none-eabi/10.2.0/../../../../arm-none-eabi/include/c++/10.2.0/arm-none-eabi]
    add: [/usr/lib/gcc/arm-none-eabi/10.2.0/../../../../arm-none-eabi/include/c++/10.2.0/backward]
    add: [/usr/lib/gcc/arm-none-eabi/10.2.0/include]
    add: [/usr/lib/gcc/arm-none-eabi/10.2.0/include-fixed]
    add: [/usr/lib/gcc/arm-none-eabi/10.2.0/../../../../arm-none-eabi/include]
  end of search list found
  collapse include dir [/usr/lib/gcc/arm-none-eabi/10.2.0/../../../../arm-none-eabi/include/c++/10.2.0] ==> [/usr/arm-none-eabi/include/c++/10.2.0]
  collapse include dir [/usr/lib/gcc/arm-none-eabi/10.2.0/../../../../arm-none-eabi/include/c++/10.2.0/arm-none-eabi] ==> [/usr/arm-none-eabi/include/c++/10.2.0/arm-none-eabi]
  collapse include dir [/usr/lib/gcc/arm-none-eabi/10.2.0/../../../../arm-none-eabi/include/c++/10.2.0/backward] ==> [/usr/arm-none-eabi/include/c++/10.2.0/backward]
  collapse include dir [/usr/lib/gcc/arm-none-eabi/10.2.0/include] ==> [/usr/lib/gcc/arm-none-eabi/10.2.0/include]
  collapse include dir [/usr/lib/gcc/arm-none-eabi/10.2.0/include-fixed] ==> [/usr/lib/gcc/arm-none-eabi/10.2.0/include-fixed]
  collapse include dir [/usr/lib/gcc/arm-none-eabi/10.2.0/../../../../arm-none-eabi/include] ==> [/usr/arm-none-eabi/include]
  implicit include dirs: [/usr/arm-none-eabi/include/c++/10.2.0;/usr/arm-none-eabi/include/c++/10.2.0/arm-none-eabi;/usr/arm-none-eabi/include/c++/10.2.0/backward;/usr/lib/gcc/arm-none-eabi/10.2.0/include;/usr/lib/gcc/arm-none-eabi/10.2.0/include-fixed;/usr/arm-none-eabi/include]


Parsed CXX implicit link information from above output:
  link line regex: [^( *|.*[/\])(arm-none-eabi-ld|CMAKE_LINK_STARTFILE-NOTFOUND|([^/\]+-)?ld|collect2)[^/\]*( |$)]
  ignore line: [Change Dir: /mnt/c/Folders/School/rivetgun-master/FW/cmake-build-debug/CMakeFiles/CMakeTmp]
  ignore line: []
  ignore line: [Run Build Command(s):/usr/bin/gmake -f Makefile cmTC_750c9/fast && /usr/bin/gmake  -f CMakeFiles/cmTC_750c9.dir/build.make CMakeFiles/cmTC_750c9.dir/build]
  ignore line: [gmake[1]: Entering directory '/mnt/c/Folders/School/rivetgun-master/FW/cmake-build-debug/CMakeFiles/CMakeTmp']
  ignore line: [Building CXX object CMakeFiles/cmTC_750c9.dir/CMakeCXXCompilerABI.cpp.obj]
  ignore line: [/usr/bin/arm-none-eabi-g++   -v -o CMakeFiles/cmTC_750c9.dir/CMakeCXXCompilerABI.cpp.obj -c /root/cmake-3.21.3-linux-x86_64/share/cmake-3.21/Modules/CMakeCXXCompilerABI.cpp]
  ignore line: [Using built-in specs.]
  ignore line: [COLLECT_GCC=/usr/bin/arm-none-eabi-g++]
  ignore line: [Target: arm-none-eabi]
  ignore line: [Configured with: ../gcc-10.2.0/configure --prefix=/usr --mandir=/usr/share/man --with-pkgversion='Fedora 10.2.0-4.fc34' --with-bugurl=https://bugzilla.redhat.com/ --infodir=/usr/share/info --target=arm-none-eabi --enable-interwork --enable-multilib --with-python-dir=share/arm-none-eabi/gcc-10.2.0/python --with-multilib-list=rmprofile --enable-plugins --disable-decimal-float --disable-libffi --disable-libgomp --disable-libmudflap --disable-libquadmath --disable-libssp --disable-libstdcxx-pch --disable-nls --disable-shared --disable-threads --disable-tls --enable-languages=c,c++ --with-newlib --disable-nls --disable-shared --disable-threads --with-gnu-as --with-gnu-ld --with-gmp --with-mpfr --with-mpc --with-headers=yes --with-system-zlib --with-sysroot=/usr/arm-none-eabi]
  ignore line: [Thread model: single]
  ignore line: [Supported LTO compression algorithms: zlib]
  ignore line: [gcc version 10.2.0 (Fedora 10.2.0-4.fc34) ]
  ignore line: [COLLECT_GCC_OPTIONS='-v' '-o' 'CMakeFiles/cmTC_750c9.dir/CMakeCXXCompilerABI.cpp.obj' '-c' '-mcpu=arm7tdmi' '-mfloat-abi=soft' '-marm' '-march=armv4t']
  ignore line: [ /usr/libexec/gcc/arm-none-eabi/10.2.0/cc1plus -quiet -v -D__USES_INITFINI__ /root/cmake-3.21.3-linux-x86_64/share/cmake-3.21/Modules/CMakeCXXCompilerABI.cpp -quiet -dumpbase CMakeCXXCompilerABI.cpp -mcpu=arm7tdmi -mfloat-abi=soft -marm -march=armv4t -auxbase-strip CMakeFiles/cmTC_750c9.dir/CMakeCXXCompilerABI.cpp.obj -version -o /tmp/ccom95Wg.s]
  ignore line: [GNU C++14 (Fedora 10.2.0-4.fc34) version 10.2.0 (arm-none-eabi)]
  ignore line: [	compiled by GNU C version 11.0.0 20210210 (Red Hat 11.0.0-0)  GMP version 6.2.0  MPFR version 4.1.0-p7  MPC version 1.2.1  isl version none]
  ignore line: [warning: MPFR header version 4.1.0-p7 differs from library version 4.1.0-p13.]
  ignore line: [GGC heuristics: --param ggc-min-expand=100 --param ggc-min-heapsize=131072]
  ignore line: [ignoring nonexistent directory "/usr/arm-none-eabi/usr/local/include"]
  ignore line: [ignoring nonexistent directory "/usr/arm-none-eabi/usr/include"]
  ignore line: [#include "..." search starts here:]
  ignore line: [#include <...> search starts here:]
  ignore line: [ /usr/lib/gcc/arm-none-eabi/10.2.0/../../../../arm-none-eabi/include/c++/10.2.0]
  ignore line: [ /usr/lib/gcc/arm-none-eabi/10.2.0/../../../../arm-none-eabi/include/c++/10.2.0/arm-none-eabi]
  ignore line: [ /usr/lib/gcc/arm-none-eabi/10.2.0/../../../../arm-none-eabi/include/c++/10.2.0/backward]
  ignore line: [ /usr/lib/gcc/arm-none-eabi/10.2.0/include]
  ignore line: [ /usr/lib/gcc/arm-none-eabi/10.2.0/include-fixed]
  ignore line: [ /usr/lib/gcc/arm-none-eabi/10.2.0/../../../../arm-none-eabi/include]
  ignore line: [End of search list.]
  ignore line: [GNU C++14 (Fedora 10.2.0-4.fc34) version 10.2.0 (arm-none-eabi)]
  ignore line: [	compiled by GNU C version 11.0.0 20210210 (Red Hat 11.0.0-0)  GMP version 6.2.0  MPFR version 4.1.0-p7  MPC version 1.2.1  isl version none]
  ignore line: [warning: MPFR header version 4.1.0-p7 differs from library version 4.1.0-p13.]
  ignore line: [GGC heuristics: --param ggc-min-expand=100 --param ggc-min-heapsize=131072]
  ignore line: [Compiler executable checksum: 8781974844b99abdc40079115ffe4d59]
  ignore line: [COLLECT_GCC_OPTIONS='-v' '-o' 'CMakeFiles/cmTC_750c9.dir/CMakeCXXCompilerABI.cpp.obj' '-c' '-mcpu=arm7tdmi' '-mfloat-abi=soft' '-marm' '-march=armv4t']
  ignore line: [ /usr/lib/gcc/arm-none-eabi/10.2.0/../../../../arm-none-eabi/bin/as -v -march=armv4t -mfloat-abi=soft -meabi=5 -o CMakeFiles/cmTC_750c9.dir/CMakeCXXCompilerABI.cpp.obj /tmp/ccom95Wg.s]
  ignore line: [GNU assembler version 2.35 (arm-none-eabi) using BFD version (Fedora 2.35-2.fc34) 2.35]
  ignore line: [COMPILER_PATH=/usr/libexec/gcc/arm-none-eabi/10.2.0/:/usr/libexec/gcc/arm-none-eabi/10.2.0/:/usr/libexec/gcc/arm-none-eabi/:/usr/lib/gcc/arm-none-eabi/10.2.0/:/usr/lib/gcc/arm-none-eabi/:/usr/lib/gcc/arm-none-eabi/10.2.0/../../../../arm-none-eabi/bin/]
  ignore line: [LIBRARY_PATH=/usr/lib/gcc/arm-none-eabi/10.2.0/:/usr/lib/gcc/arm-none-eabi/10.2.0/../../../../arm-none-eabi/lib/:/usr/arm-none-eabi/lib/]
  ignore line: [COLLECT_GCC_OPTIONS='-v' '-o' 'CMakeFiles/cmTC_750c9.dir/CMakeCXXCompilerABI.cpp.obj' '-c' '-mcpu=arm7tdmi' '-mfloat-abi=soft' '-marm' '-march=armv4t']
  ignore line: [Linking CXX static library libcmTC_750c9.a]
  ignore line: [/root/cmake-3.21.3-linux-x86_64/bin/cmake -P CMakeFiles/cmTC_750c9.dir/cmake_clean_target.cmake]
  ignore line: [/root/cmake-3.21.3-linux-x86_64/bin/cmake -E cmake_link_script CMakeFiles/cmTC_750c9.dir/link.txt --verbose=1]
  ignore line: [/usr/bin/arm-none-eabi-ar qc libcmTC_750c9.a CMakeFiles/cmTC_750c9.dir/CMakeCXXCompilerABI.cpp.obj]
  ignore line: [/usr/bin/arm-none-eabi-ranlib libcmTC_750c9.a]
  ignore line: [gmake[1]: Leaving directory '/mnt/c/Folders/School/rivetgun-master/FW/cmake-build-debug/CMakeFiles/CMakeTmp']
  ignore line: []
  ignore line: []
  implicit libs: []
  implicit objs: []
  implicit dirs: []
  implicit fwks: []


Detecting C compiler ABI info compiled with the following output:
Change Dir: /mnt/c/Folders/School/rivetgun-master/FW/cmake-build-debug/CMakeFiles/CMakeTmp

Run Build Command(s):/usr/bin/gmake -f Makefile cmTC_274e9/fast && /usr/bin/gmake  -f CMakeFiles/cmTC_274e9.dir/build.make CMakeFiles/cmTC_274e9.dir/build
gmake[1]: Entering directory '/mnt/c/Folders/School/rivetgun-master/FW/cmake-build-debug/CMakeFiles/CMakeTmp'
Building C object CMakeFiles/cmTC_274e9.dir/CMakeCCompilerABI.c.obj
/usr/bin/arm-none-eabi-gcc   -v -o CMakeFiles/cmTC_274e9.dir/CMakeCCompilerABI.c.obj -c /root/cmake-3.21.3-linux-x86_64/share/cmake-3.21/Modules/CMakeCCompilerABI.c
Using built-in specs.
COLLECT_GCC=/usr/bin/arm-none-eabi-gcc
Target: arm-none-eabi
Configured with: ../gcc-10.2.0/configure --prefix=/usr --mandir=/usr/share/man --with-pkgversion='Fedora 10.2.0-4.fc34' --with-bugurl=https://bugzilla.redhat.com/ --infodir=/usr/share/info --target=arm-none-eabi --enable-interwork --enable-multilib --with-python-dir=share/arm-none-eabi/gcc-10.2.0/python --with-multilib-list=rmprofile --enable-plugins --disable-decimal-float --disable-libffi --disable-libgomp --disable-libmudflap --disable-libquadmath --disable-libssp --disable-libstdcxx-pch --disable-nls --disable-shared --disable-threads --disable-tls --enable-languages=c,c++ --with-newlib --disable-nls --disable-shared --disable-threads --with-gnu-as --with-gnu-ld --with-gmp --with-mpfr --with-mpc --with-headers=yes --with-system-zlib --with-sysroot=/usr/arm-none-eabi
Thread model: single
Supported LTO compression algorithms: zlib
gcc version 10.2.0 (Fedora 10.2.0-4.fc34) 
COLLECT_GCC_OPTIONS='-v' '-o' 'CMakeFiles/cmTC_274e9.dir/CMakeCCompilerABI.c.obj' '-c' '-mcpu=arm7tdmi' '-mfloat-abi=soft' '-marm' '-march=armv4t'
 /usr/libexec/gcc/arm-none-eabi/10.2.0/cc1 -quiet -v -D__USES_INITFINI__ /root/cmake-3.21.3-linux-x86_64/share/cmake-3.21/Modules/CMakeCCompilerABI.c -quiet -dumpbase CMakeCCompilerABI.c -mcpu=arm7tdmi -mfloat-abi=soft -marm -march=armv4t -auxbase-strip CMakeFiles/cmTC_274e9.dir/CMakeCCompilerABI.c.obj -version -o /tmp/ccNPG73l.s
GNU C17 (Fedora 10.2.0-4.fc34) version 10.2.0 (arm-none-eabi)
	compiled by GNU C version 11.0.0 20210210 (Red Hat 11.0.0-0), GMP version 6.2.0, MPFR version 4.1.0-p7, MPC version 1.2.1, isl version none
warning: MPFR header version 4.1.0-p7 differs from library version 4.1.0-p13.
GGC heuristics: --param ggc-min-expand=100 --param ggc-min-heapsize=131072
ignoring nonexistent directory "/usr/arm-none-eabi/usr/local/include"
ignoring nonexistent directory "/usr/arm-none-eabi/usr/include"
#include "..." search starts here:
#include <...> search starts here:
 /usr/lib/gcc/arm-none-eabi/10.2.0/include
 /usr/lib/gcc/arm-none-eabi/10.2.0/include-fixed
 /usr/lib/gcc/arm-none-eabi/10.2.0/../../../../arm-none-eabi/include
End of search list.
GNU C17 (Fedora 10.2.0-4.fc34) version 10.2.0 (arm-none-eabi)
	compiled by GNU C version 11.0.0 20210210 (Red Hat 11.0.0-0), GMP version 6.2.0, MPFR version 4.1.0-p7, MPC version 1.2.1, isl version none
warning: MPFR header version 4.1.0-p7 differs from library version 4.1.0-p13.
GGC heuristics: --param ggc-min-expand=100 --param ggc-min-heapsize=131072
Compiler executable checksum: 45f64881e14d8653770eeb1627f31d8c
COLLECT_GCC_OPTIONS='-v' '-o' 'CMakeFiles/cmTC_274e9.dir/CMakeCCompilerABI.c.obj' '-c' '-mcpu=arm7tdmi' '-mfloat-abi=soft' '-marm' '-march=armv4t'
 /usr/lib/gcc/arm-none-eabi/10.2.0/../../../../arm-none-eabi/bin/as -v -march=armv4t -mfloat-abi=soft -meabi=5 -o CMakeFiles/cmTC_274e9.dir/CMakeCCompilerABI.c.obj /tmp/ccNPG73l.s
GNU assembler version 2.35 (arm-none-eabi) using BFD version (Fedora 2.35-2.fc34) 2.35
COMPILER_PATH=/usr/libexec/gcc/arm-none-eabi/10.2.0/:/usr/libexec/gcc/arm-none-eabi/10.2.0/:/usr/libexec/gcc/arm-none-eabi/:/usr/lib/gcc/arm-none-eabi/10.2.0/:/usr/lib/gcc/arm-none-eabi/:/usr/lib/gcc/arm-none-eabi/10.2.0/../../../../arm-none-eabi/bin/
LIBRARY_PATH=/usr/lib/gcc/arm-none-eabi/10.2.0/:/usr/lib/gcc/arm-none-eabi/10.2.0/../../../../arm-none-eabi/lib/:/usr/arm-none-eabi/lib/
COLLECT_GCC_OPTIONS='-v' '-o' 'CMakeFiles/cmTC_274e9.dir/CMakeCCompilerABI.c.obj' '-c' '-mcpu=arm7tdmi' '-mfloat-abi=soft' '-marm' '-march=armv4t'
Linking C static library libcmTC_274e9.a
/root/cmake-3.21.3-linux-x86_64/bin/cmake -P CMakeFiles/cmTC_274e9.dir/cmake_clean_target.cmake
/root/cmake-3.21.3-linux-x86_64/bin/cmake -E cmake_link_script CMakeFiles/cmTC_274e9.dir/link.txt --verbose=1
/usr/bin/arm-none-eabi-ar qc libcmTC_274e9.a CMakeFiles/cmTC_274e9.dir/CMakeCCompilerABI.c.obj
/usr/bin/arm-none-eabi-ranlib libcmTC_274e9.a
gmake[1]: Leaving directory '/mnt/c/Folders/School/rivetgun-master/FW/cmake-build-debug/CMakeFiles/CMakeTmp'



Parsed C implicit include dir info from above output: rv=done
  found start of include info
  found start of implicit include info
    add: [/usr/lib/gcc/arm-none-eabi/10.2.0/include]
    add: [/usr/lib/gcc/arm-none-eabi/10.2.0/include-fixed]
    add: [/usr/lib/gcc/arm-none-eabi/10.2.0/../../../../arm-none-eabi/include]
  end of search list found
  collapse include dir [/usr/lib/gcc/arm-none-eabi/10.2.0/include] ==> [/usr/lib/gcc/arm-none-eabi/10.2.0/include]
  collapse include dir [/usr/lib/gcc/arm-none-eabi/10.2.0/include-fixed] ==> [/usr/lib/gcc/arm-none-eabi/10.2.0/include-fixed]
  collapse include dir [/usr/lib/gcc/arm-none-eabi/10.2.0/../../../../arm-none-eabi/include] ==> [/usr/arm-none-eabi/include]
  implicit include dirs: [/usr/lib/gcc/arm-none-eabi/10.2.0/include;/usr/lib/gcc/arm-none-eabi/10.2.0/include-fixed;/usr/arm-none-eabi/include]


Parsed C implicit link information from above output:
  link line regex: [^( *|.*[/\])(arm-none-eabi-ld|CMAKE_LINK_STARTFILE-NOTFOUND|([^/\]+-)?ld|collect2)[^/\]*( |$)]
  ignore line: [Change Dir: /mnt/c/Folders/School/rivetgun-master/FW/cmake-build-debug/CMakeFiles/CMakeTmp]
  ignore line: []
  ignore line: [Run Build Command(s):/usr/bin/gmake -f Makefile cmTC_274e9/fast && /usr/bin/gmake  -f CMakeFiles/cmTC_274e9.dir/build.make CMakeFiles/cmTC_274e9.dir/build]
  ignore line: [gmake[1]: Entering directory '/mnt/c/Folders/School/rivetgun-master/FW/cmake-build-debug/CMakeFiles/CMakeTmp']
  ignore line: [Building C object CMakeFiles/cmTC_274e9.dir/CMakeCCompilerABI.c.obj]
  ignore line: [/usr/bin/arm-none-eabi-gcc   -v -o CMakeFiles/cmTC_274e9.dir/CMakeCCompilerABI.c.obj -c /root/cmake-3.21.3-linux-x86_64/share/cmake-3.21/Modules/CMakeCCompilerABI.c]
  ignore line: [Using built-in specs.]
  ignore line: [COLLECT_GCC=/usr/bin/arm-none-eabi-gcc]
  ignore line: [Target: arm-none-eabi]
  ignore line: [Configured with: ../gcc-10.2.0/configure --prefix=/usr --mandir=/usr/share/man --with-pkgversion='Fedora 10.2.0-4.fc34' --with-bugurl=https://bugzilla.redhat.com/ --infodir=/usr/share/info --target=arm-none-eabi --enable-interwork --enable-multilib --with-python-dir=share/arm-none-eabi/gcc-10.2.0/python --with-multilib-list=rmprofile --enable-plugins --disable-decimal-float --disable-libffi --disable-libgomp --disable-libmudflap --disable-libquadmath --disable-libssp --disable-libstdcxx-pch --disable-nls --disable-shared --disable-threads --disable-tls --enable-languages=c,c++ --with-newlib --disable-nls --disable-shared --disable-threads --with-gnu-as --with-gnu-ld --with-gmp --with-mpfr --with-mpc --with-headers=yes --with-system-zlib --with-sysroot=/usr/arm-none-eabi]
  ignore line: [Thread model: single]
  ignore line: [Supported LTO compression algorithms: zlib]
  ignore line: [gcc version 10.2.0 (Fedora 10.2.0-4.fc34) ]
  ignore line: [COLLECT_GCC_OPTIONS='-v' '-o' 'CMakeFiles/cmTC_274e9.dir/CMakeCCompilerABI.c.obj' '-c' '-mcpu=arm7tdmi' '-mfloat-abi=soft' '-marm' '-march=armv4t']
  ignore line: [ /usr/libexec/gcc/arm-none-eabi/10.2.0/cc1 -quiet -v -D__USES_INITFINI__ /root/cmake-3.21.3-linux-x86_64/share/cmake-3.21/Modules/CMakeCCompilerABI.c -quiet -dumpbase CMakeCCompilerABI.c -mcpu=arm7tdmi -mfloat-abi=soft -marm -march=armv4t -auxbase-strip CMakeFiles/cmTC_274e9.dir/CMakeCCompilerABI.c.obj -version -o /tmp/ccNPG73l.s]
  ignore line: [GNU C17 (Fedora 10.2.0-4.fc34) version 10.2.0 (arm-none-eabi)]
  ignore line: [	compiled by GNU C version 11.0.0 20210210 (Red Hat 11.0.0-0)  GMP version 6.2.0  MPFR version 4.1.0-p7  MPC version 1.2.1  isl version none]
  ignore line: [warning: MPFR header version 4.1.0-p7 differs from library version 4.1.0-p13.]
  ignore line: [GGC heuristics: --param ggc-min-expand=100 --param ggc-min-heapsize=131072]
  ignore line: [ignoring nonexistent directory "/usr/arm-none-eabi/usr/local/include"]
  ignore line: [ignoring nonexistent directory "/usr/arm-none-eabi/usr/include"]
  ignore line: [#include "..." search starts here:]
  ignore line: [#include <...> search starts here:]
  ignore line: [ /usr/lib/gcc/arm-none-eabi/10.2.0/include]
  ignore line: [ /usr/lib/gcc/arm-none-eabi/10.2.0/include-fixed]
  ignore line: [ /usr/lib/gcc/arm-none-eabi/10.2.0/../../../../arm-none-eabi/include]
  ignore line: [End of search list.]
  ignore line: [GNU C17 (Fedora 10.2.0-4.fc34) version 10.2.0 (arm-none-eabi)]
  ignore line: [	compiled by GNU C version 11.0.0 20210210 (Red Hat 11.0.0-0)  GMP version 6.2.0  MPFR version 4.1.0-p7  MPC version 1.2.1  isl version none]
  ignore line: [warning: MPFR header version 4.1.0-p7 differs from library version 4.1.0-p13.]
  ignore line: [GGC heuristics: --param ggc-min-expand=100 --param ggc-min-heapsize=131072]
  ignore line: [Compiler executable checksum: 45f64881e14d8653770eeb1627f31d8c]
  ignore line: [COLLECT_GCC_OPTIONS='-v' '-o' 'CMakeFiles/cmTC_274e9.dir/CMakeCCompilerABI.c.obj' '-c' '-mcpu=arm7tdmi' '-mfloat-abi=soft' '-marm' '-march=armv4t']
  ignore line: [ /usr/lib/gcc/arm-none-eabi/10.2.0/../../../../arm-none-eabi/bin/as -v -march=armv4t -mfloat-abi=soft -meabi=5 -o CMakeFiles/cmTC_274e9.dir/CMakeCCompilerABI.c.obj /tmp/ccNPG73l.s]
  ignore line: [GNU assembler version 2.35 (arm-none-eabi) using BFD version (Fedora 2.35-2.fc34) 2.35]
  ignore line: [COMPILER_PATH=/usr/libexec/gcc/arm-none-eabi/10.2.0/:/usr/libexec/gcc/arm-none-eabi/10.2.0/:/usr/libexec/gcc/arm-none-eabi/:/usr/lib/gcc/arm-none-eabi/10.2.0/:/usr/lib/gcc/arm-none-eabi/:/usr/lib/gcc/arm-none-eabi/10.2.0/../../../../arm-none-eabi/bin/]
  ignore line: [LIBRARY_PATH=/usr/lib/gcc/arm-none-eabi/10.2.0/:/usr/lib/gcc/arm-none-eabi/10.2.0/../../../../arm-none-eabi/lib/:/usr/arm-none-eabi/lib/]
  ignore line: [COLLECT_GCC_OPTIONS='-v' '-o' 'CMakeFiles/cmTC_274e9.dir/CMakeCCompilerABI.c.obj' '-c' '-mcpu=arm7tdmi' '-mfloat-abi=soft' '-marm' '-march=armv4t']
  ignore line: [Linking C static library libcmTC_274e9.a]
  ignore line: [/root/cmake-3.21.3-linux-x86_64/bin/cmake -P CMakeFiles/cmTC_274e9.dir/cmake_clean_target.cmake]
  ignore line: [/root/cmake-3.21.3-linux-x86_64/bin/cmake -E cmake_link_script CMakeFiles/cmTC_274e9.dir/link.txt --verbose=1]
  ignore line: [/usr/bin/arm-none-eabi-ar qc libcmTC_274e9.a CMakeFiles/cmTC_274e9.dir/CMakeCCompilerABI.c.obj]
  ignore line: [/usr/bin/arm-none-eabi-ranlib libcmTC_274e9.a]
  ignore line: [gmake[1]: Leaving directory '/mnt/c/Folders/School/rivetgun-master/FW/cmake-build-debug/CMakeFiles/CMakeTmp']
  ignore line: []
  ignore line: []
  implicit libs: []
  implicit objs: []
  implicit dirs: []
  implicit fwks: []


